Flow report for final_proj
Thu Jun 09 22:56:26 2022
Quartus Prime Version 20.1.1 Build 720 11/11/2020 SJ Standard Edition


---------------------
; Table of Contents ;
---------------------
  1. EDA Netlist Writer Summary
  2. Legal Notice
  3. Flow Summary
  4. Flow Settings
  5. Flow Non-Default Global Settings
  6. Flow Elapsed Time
  7. Flow OS Summary
  8. Flow Log
  9. Flow Messages
 10. Flow Suppressed Messages



+-------------------------------------------------------------------+
; EDA Netlist Writer Summary                                        ;
+---------------------------+---------------------------------------+
; EDA Netlist Writer Status ; Successful - Thu Jun 09 22:56:26 2022 ;
; Revision Name             ; final_proj                            ;
; Top-level Entity Name     ; final_proj                            ;
; Family                    ; Cyclone IV E                          ;
; Simulation Files Creation ; Successful                            ;
+---------------------------+---------------------------------------+


----------------
; Legal Notice ;
----------------
Copyright (C) 2020  Intel Corporation. All rights reserved.
Your use of Intel Corporation's design tools, logic functions 
and other software and tools, and any partner logic 
functions, and any output files from any of the foregoing 
(including device programming or simulation files), and any 
associated documentation or information are expressly subject 
to the terms and conditions of the Intel Program License 
Subscription Agreement, the Intel Quartus Prime License Agreement,
the Intel FPGA IP License Agreement, or other applicable license
agreement, including, without limitation, that your use is for
the sole purpose of programming logic devices manufactured by
Intel and sold by Intel or its authorized distributors.  Please
refer to the applicable agreement for further details, at
https://fpgasoftware.intel.com/eula.



+--------------------------------------------------------------------------------------+
; Flow Summary                                                                         ;
+------------------------------------+-------------------------------------------------+
; Flow Status                        ; Successful - Thu Jun 09 22:56:26 2022           ;
; Quartus Prime Version              ; 20.1.1 Build 720 11/11/2020 SJ Standard Edition ;
; Revision Name                      ; final_proj                                      ;
; Top-level Entity Name              ; final_proj                                      ;
; Family                             ; Cyclone IV E                                    ;
; Device                             ; EP4CE115F29C7                                   ;
; Timing Models                      ; Final                                           ;
; Total logic elements               ; 102 / 114,480 ( < 1 % )                         ;
;     Total combinational functions  ; 102 / 114,480 ( < 1 % )                         ;
;     Dedicated logic registers      ; 20 / 114,480 ( < 1 % )                          ;
; Total registers                    ; 20                                              ;
; Total pins                         ; 39 / 529 ( 7 % )                                ;
; Total virtual pins                 ; 0                                               ;
; Total memory bits                  ; 0 / 3,981,312 ( 0 % )                           ;
; Embedded Multiplier 9-bit elements ; 0 / 532 ( 0 % )                                 ;
; Total PLLs                         ; 0 / 4 ( 0 % )                                   ;
+------------------------------------+-------------------------------------------------+


+-----------------------------------------+
; Flow Settings                           ;
+-------------------+---------------------+
; Option            ; Setting             ;
+-------------------+---------------------+
; Start date & time ; 06/09/2022 22:55:48 ;
; Main task         ; Compilation         ;
; Revision Name     ; final_proj          ;
+-------------------+---------------------+


+-------------------------------------------------------------------------------------------------------------------------------------------------------+
; Flow Non-Default Global Settings                                                                                                                      ;
+--------------------------------------------+----------------------------------------+---------------+-------------+-----------------------------------+
; Assignment Name                            ; Value                                  ; Default Value ; Entity Name ; Section Id                        ;
+--------------------------------------------+----------------------------------------+---------------+-------------+-----------------------------------+
; COMPILER_SIGNATURE_ID                      ; 194042951132075.165483334802416        ; --            ; --          ; --                                ;
; EDA_DESIGN_INSTANCE_NAME                   ; NA                                     ; --            ; --          ; tb_final_proj                     ;
; EDA_GENERATE_FUNCTIONAL_NETLIST            ; Off                                    ; --            ; --          ; eda_board_design_timing           ;
; EDA_GENERATE_FUNCTIONAL_NETLIST            ; Off                                    ; --            ; --          ; eda_board_design_boundary_scan    ;
; EDA_GENERATE_FUNCTIONAL_NETLIST            ; Off                                    ; --            ; --          ; eda_board_design_signal_integrity ;
; EDA_GENERATE_FUNCTIONAL_NETLIST            ; Off                                    ; --            ; --          ; eda_board_design_symbol           ;
; EDA_GENERATE_RTL_SIMULATION_COMMAND_SCRIPT ; On                                     ; --            ; --          ; eda_simulation                    ;
; EDA_MAINTAIN_DESIGN_HIERARCHY              ; On                                     ; --            ; --          ; eda_simulation                    ;
; EDA_NATIVELINK_SIMULATION_TEST_BENCH       ; tb_final_proj                          ; --            ; --          ; eda_simulation                    ;
; EDA_OUTPUT_DATA_FORMAT                     ; Verilog Hdl                            ; --            ; --          ; eda_simulation                    ;
; EDA_RUN_TOOL_AUTOMATICALLY                 ; Off                                    ; --            ; --          ; eda_simulation                    ;
; EDA_SIMULATION_TOOL                        ; QuestaSim (Verilog)                    ; <None>        ; --          ; --                                ;
; EDA_TEST_BENCH_ENABLE_STATUS               ; TEST_BENCH_MODE                        ; --            ; --          ; eda_simulation                    ;
; EDA_TEST_BENCH_FILE                        ; src/tb_final_proj.sv                   ; --            ; --          ; tb_final_proj                     ;
; EDA_TEST_BENCH_MODULE_NAME                 ; final_proj                             ; --            ; --          ; tb_final_proj                     ;
; EDA_TEST_BENCH_NAME                        ; tb_final_proj                          ; --            ; --          ; eda_simulation                    ;
; EDA_TIME_SCALE                             ; 1 ns                                   ; --            ; --          ; eda_simulation                    ;
; MAX_CORE_JUNCTION_TEMP                     ; 85                                     ; --            ; --          ; --                                ;
; MIN_CORE_JUNCTION_TEMP                     ; 0                                      ; --            ; --          ; --                                ;
; NOMINAL_CORE_SUPPLY_VOLTAGE                ; 1.2V                                   ; --            ; --          ; --                                ;
; PARTITION_COLOR                            ; -- (Not supported for targeted family) ; --            ; --          ; Top                               ;
; PARTITION_FITTER_PRESERVATION_LEVEL        ; -- (Not supported for targeted family) ; --            ; --          ; Top                               ;
; PARTITION_NETLIST_TYPE                     ; -- (Not supported for targeted family) ; --            ; --          ; Top                               ;
; POWER_BOARD_THERMAL_MODEL                  ; None (CONSERVATIVE)                    ; --            ; --          ; --                                ;
; POWER_PRESET_COOLING_SOLUTION              ; 23 MM HEAT SINK WITH 200 LFPM AIRFLOW  ; --            ; --          ; --                                ;
; PROJECT_OUTPUT_DIRECTORY                   ; output_files                           ; --            ; --          ; --                                ;
+--------------------------------------------+----------------------------------------+---------------+-------------+-----------------------------------+


+--------------------------------------------------------------------------------------------------------------------------+
; Flow Elapsed Time                                                                                                        ;
+----------------------+--------------+-------------------------+---------------------+------------------------------------+
; Module Name          ; Elapsed Time ; Average Processors Used ; Peak Virtual Memory ; Total CPU Time (on all processors) ;
+----------------------+--------------+-------------------------+---------------------+------------------------------------+
; Analysis & Synthesis ; 00:00:12     ; 1.0                     ; 4810 MB             ; 00:00:14                           ;
; Fitter               ; 00:00:10     ; 1.0                     ; 6080 MB             ; 00:00:15                           ;
; Assembler            ; 00:00:02     ; 1.0                     ; 4695 MB             ; 00:00:02                           ;
; Timing Analyzer      ; 00:00:03     ; 1.0                     ; 4900 MB             ; 00:00:01                           ;
; EDA Netlist Writer   ; 00:00:02     ; 1.0                     ; 4656 MB             ; 00:00:01                           ;
; Total                ; 00:00:29     ; --                      ; --                  ; 00:00:33                           ;
+----------------------+--------------+-------------------------+---------------------+------------------------------------+


+------------------------------------------------------------------------------------+
; Flow OS Summary                                                                    ;
+----------------------+------------------+------------+------------+----------------+
; Module Name          ; Machine Hostname ; OS Name    ; OS Version ; Processor type ;
+----------------------+------------------+------------+------------+----------------+
; Analysis & Synthesis ; CO2042-24        ; Windows 10 ; 10.0       ; x86_64         ;
; Fitter               ; CO2042-24        ; Windows 10 ; 10.0       ; x86_64         ;
; Assembler            ; CO2042-24        ; Windows 10 ; 10.0       ; x86_64         ;
; Timing Analyzer      ; CO2042-24        ; Windows 10 ; 10.0       ; x86_64         ;
; EDA Netlist Writer   ; CO2042-24        ; Windows 10 ; 10.0       ; x86_64         ;
+----------------------+------------------+------------+------------+----------------+


------------
; Flow Log ;
------------
quartus_map --read_settings_files=on --write_settings_files=off final_proj -c final_proj
quartus_fit --read_settings_files=off --write_settings_files=off final_proj -c final_proj
quartus_asm --read_settings_files=off --write_settings_files=off final_proj -c final_proj
quartus_sta final_proj -c final_proj
quartus_eda --read_settings_files=off --write_settings_files=off final_proj -c final_proj



