Analysis & Synthesis report for final
Fri Apr 22 17:31:26 2022
Quartus Prime Version 20.1.1 Build 720 11/11/2020 SJ Standard Edition


---------------------
; Table of Contents ;
---------------------
  1. Legal Notice
  2. Analysis & Synthesis Summary
  3. Analysis & Synthesis Settings
  4. Parallel Compilation
  5. Analysis & Synthesis Source Files Read
  6. Analysis & Synthesis Resource Usage Summary
  7. Analysis & Synthesis Resource Utilization by Entity
  8. General Register Statistics
  9. Parameter Settings for User Entity Instance: BUSMUX:inst5
 10. Port Connectivity Checks: "regfile:inst|Decoder_3to8:Decode"
 11. Post-Synthesis Netlist Statistics for Top Partition
 12. Elapsed Time Per Partition
 13. Analysis & Synthesis Messages



----------------
; Legal Notice ;
----------------
Copyright (C) 2020  Intel Corporation. All rights reserved.
Your use of Intel Corporation's design tools, logic functions 
and other software and tools, and any partner logic 
functions, and any output files from any of the foregoing 
(including device programming or simulation files), and any 
associated documentation or information are expressly subject 
to the terms and conditions of the Intel Program License 
Subscription Agreement, the Intel Quartus Prime License Agreement,
the Intel FPGA IP License Agreement, or other applicable license
agreement, including, without limitation, that your use is for
the sole purpose of programming logic devices manufactured by
Intel and sold by Intel or its authorized distributors.  Please
refer to the applicable agreement for further details, at
https://fpgasoftware.intel.com/eula.



+--------------------------------------------------------------------------------------+
; Analysis & Synthesis Summary                                                         ;
+------------------------------------+-------------------------------------------------+
; Analysis & Synthesis Status        ; Successful - Fri Apr 22 17:31:25 2022           ;
; Quartus Prime Version              ; 20.1.1 Build 720 11/11/2020 SJ Standard Edition ;
; Revision Name                      ; final                                           ;
; Top-level Entity Name              ; final                                           ;
; Family                             ; Cyclone IV E                                    ;
; Total logic elements               ; 0                                               ;
;     Total combinational functions  ; 0                                               ;
;     Dedicated logic registers      ; 0                                               ;
; Total registers                    ; 0                                               ;
; Total pins                         ; 34                                              ;
; Total virtual pins                 ; 0                                               ;
; Total memory bits                  ; 0                                               ;
; Embedded Multiplier 9-bit elements ; 0                                               ;
; Total PLLs                         ; 0                                               ;
+------------------------------------+-------------------------------------------------+


+------------------------------------------------------------------------------------------------------------+
; Analysis & Synthesis Settings                                                                              ;
+------------------------------------------------------------------+--------------------+--------------------+
; Option                                                           ; Setting            ; Default Value      ;
+------------------------------------------------------------------+--------------------+--------------------+
; Device                                                           ; EP4CE115F29C7      ;                    ;
; Top-level entity name                                            ; final              ; final              ;
; Family name                                                      ; Cyclone IV E       ; Cyclone V          ;
; Use smart compilation                                            ; Off                ; Off                ;
; Enable parallel Assembler and Timing Analyzer during compilation ; On                 ; On                 ;
; Enable compact report table                                      ; Off                ; Off                ;
; Restructure Multiplexers                                         ; Auto               ; Auto               ;
; Create Debugging Nodes for IP Cores                              ; Off                ; Off                ;
; Preserve fewer node names                                        ; On                 ; On                 ;
; Intel FPGA IP Evaluation Mode                                    ; Enable             ; Enable             ;
; Verilog Version                                                  ; Verilog_2001       ; Verilog_2001       ;
; VHDL Version                                                     ; VHDL_1993          ; VHDL_1993          ;
; State Machine Processing                                         ; Auto               ; Auto               ;
; Safe State Machine                                               ; Off                ; Off                ;
; Extract Verilog State Machines                                   ; On                 ; On                 ;
; Extract VHDL State Machines                                      ; On                 ; On                 ;
; Ignore Verilog initial constructs                                ; Off                ; Off                ;
; Iteration limit for constant Verilog loops                       ; 5000               ; 5000               ;
; Iteration limit for non-constant Verilog loops                   ; 250                ; 250                ;
; Add Pass-Through Logic to Inferred RAMs                          ; On                 ; On                 ;
; Infer RAMs from Raw Logic                                        ; On                 ; On                 ;
; Parallel Synthesis                                               ; On                 ; On                 ;
; DSP Block Balancing                                              ; Auto               ; Auto               ;
; NOT Gate Push-Back                                               ; On                 ; On                 ;
; Power-Up Don't Care                                              ; On                 ; On                 ;
; Remove Redundant Logic Cells                                     ; Off                ; Off                ;
; Remove Duplicate Registers                                       ; On                 ; On                 ;
; Ignore CARRY Buffers                                             ; Off                ; Off                ;
; Ignore CASCADE Buffers                                           ; Off                ; Off                ;
; Ignore GLOBAL Buffers                                            ; Off                ; Off                ;
; Ignore ROW GLOBAL Buffers                                        ; Off                ; Off                ;
; Ignore LCELL Buffers                                             ; Off                ; Off                ;
; Ignore SOFT Buffers                                              ; On                 ; On                 ;
; Limit AHDL Integers to 32 Bits                                   ; Off                ; Off                ;
; Optimization Technique                                           ; Balanced           ; Balanced           ;
; Carry Chain Length                                               ; 70                 ; 70                 ;
; Auto Carry Chains                                                ; On                 ; On                 ;
; Auto Open-Drain Pins                                             ; On                 ; On                 ;
; Perform WYSIWYG Primitive Resynthesis                            ; Off                ; Off                ;
; Auto ROM Replacement                                             ; On                 ; On                 ;
; Auto RAM Replacement                                             ; On                 ; On                 ;
; Auto DSP Block Replacement                                       ; On                 ; On                 ;
; Auto Shift Register Replacement                                  ; Auto               ; Auto               ;
; Allow Shift Register Merging across Hierarchies                  ; Auto               ; Auto               ;
; Auto Clock Enable Replacement                                    ; On                 ; On                 ;
; Strict RAM Replacement                                           ; Off                ; Off                ;
; Allow Synchronous Control Signals                                ; On                 ; On                 ;
; Force Use of Synchronous Clear Signals                           ; Off                ; Off                ;
; Auto RAM Block Balancing                                         ; On                 ; On                 ;
; Auto RAM to Logic Cell Conversion                                ; Off                ; Off                ;
; Auto Resource Sharing                                            ; Off                ; Off                ;
; Allow Any RAM Size For Recognition                               ; Off                ; Off                ;
; Allow Any ROM Size For Recognition                               ; Off                ; Off                ;
; Allow Any Shift Register Size For Recognition                    ; Off                ; Off                ;
; Use LogicLock Constraints during Resource Balancing              ; On                 ; On                 ;
; Ignore translate_off and synthesis_off directives                ; Off                ; Off                ;
; Timing-Driven Synthesis                                          ; On                 ; On                 ;
; Report Parameter Settings                                        ; On                 ; On                 ;
; Report Source Assignments                                        ; On                 ; On                 ;
; Report Connectivity Checks                                       ; On                 ; On                 ;
; Ignore Maximum Fan-Out Assignments                               ; Off                ; Off                ;
; Synchronization Register Chain Length                            ; 2                  ; 2                  ;
; Power Optimization During Synthesis                              ; Normal compilation ; Normal compilation ;
; HDL message level                                                ; Level2             ; Level2             ;
; Suppress Register Optimization Related Messages                  ; Off                ; Off                ;
; Number of Removed Registers Reported in Synthesis Report         ; 5000               ; 5000               ;
; Number of Swept Nodes Reported in Synthesis Report               ; 5000               ; 5000               ;
; Number of Inverted Registers Reported in Synthesis Report        ; 100                ; 100                ;
; Clock MUX Protection                                             ; On                 ; On                 ;
; Auto Gated Clock Conversion                                      ; Off                ; Off                ;
; Block Design Naming                                              ; Auto               ; Auto               ;
; SDC constraint protection                                        ; Off                ; Off                ;
; Synthesis Effort                                                 ; Auto               ; Auto               ;
; Shift Register Replacement - Allow Asynchronous Clear Signal     ; On                 ; On                 ;
; Pre-Mapping Resynthesis Optimization                             ; Off                ; Off                ;
; Analysis & Synthesis Message Level                               ; Medium             ; Medium             ;
; Disable Register Merging Across Hierarchies                      ; Auto               ; Auto               ;
; Resource Aware Inference For Block RAM                           ; On                 ; On                 ;
+------------------------------------------------------------------+--------------------+--------------------+


+------------------------------------------+
; Parallel Compilation                     ;
+----------------------------+-------------+
; Processors                 ; Number      ;
+----------------------------+-------------+
; Number detected on machine ; 16          ;
; Maximum allowed            ; 8           ;
;                            ;             ;
; Average used               ; 1.00        ;
; Maximum used               ; 1           ;
;                            ;             ;
; Usage by Processor         ; % Time Used ;
;     Processor 1            ; 100.0%      ;
+----------------------------+-------------+


+----------------------------------------------------------------------------------------------------------------------------------------------------------------------+
; Analysis & Synthesis Source Files Read                                                                                                                               ;
+----------------------------------+-----------------+------------------------------------+------------------------------------------------------------------+---------+
; File Name with User-Entered Path ; Used in Netlist ; File Type                          ; File Name with Absolute Path                                     ; Library ;
+----------------------------------+-----------------+------------------------------------+------------------------------------------------------------------+---------+
; final.bdf                        ; yes             ; User Block Diagram/Schematic File  ; U:/CPRE281/Lab12/final/final.bdf                                 ;         ;
; seven_seg_decoder.v              ; yes             ; Auto-Found Verilog HDL File        ; U:/CPRE281/Lab12/final/seven_seg_decoder.v                       ;         ;
; regfile.v                        ; yes             ; Auto-Found Verilog HDL File        ; U:/CPRE281/Lab12/final/regfile.v                                 ;         ;
; decoder_3to8.v                   ; yes             ; Auto-Found Verilog HDL File        ; U:/CPRE281/Lab12/final/decoder_3to8.v                            ;         ;
; mux8_4b.v                        ; yes             ; Auto-Found Verilog HDL File        ; U:/CPRE281/Lab12/final/mux8_4b.v                                 ;         ;
; busmux.tdf                       ; yes             ; Megafunction                       ; c:/intelfpga/20.1/quartus/libraries/megafunctions/busmux.tdf     ;         ;
; lpm_mux.inc                      ; yes             ; Megafunction                       ; c:/intelfpga/20.1/quartus/libraries/megafunctions/lpm_mux.inc    ;         ;
; lpm_mux.tdf                      ; yes             ; Megafunction                       ; c:/intelfpga/20.1/quartus/libraries/megafunctions/lpm_mux.tdf    ;         ;
; aglobal201.inc                   ; yes             ; Megafunction                       ; c:/intelfpga/20.1/quartus/libraries/megafunctions/aglobal201.inc ;         ;
; muxlut.inc                       ; yes             ; Megafunction                       ; c:/intelfpga/20.1/quartus/libraries/megafunctions/muxlut.inc     ;         ;
; bypassff.inc                     ; yes             ; Megafunction                       ; c:/intelfpga/20.1/quartus/libraries/megafunctions/bypassff.inc   ;         ;
; altshift.inc                     ; yes             ; Megafunction                       ; c:/intelfpga/20.1/quartus/libraries/megafunctions/altshift.inc   ;         ;
; db/mux_arc.tdf                   ; yes             ; Auto-Generated Megafunction        ; U:/CPRE281/Lab12/final/db/mux_arc.tdf                            ;         ;
; adder_4bit.v                     ; yes             ; Auto-Found Verilog HDL File        ; U:/CPRE281/Lab12/final/adder_4bit.v                              ;         ;
; fa.v                             ; yes             ; Auto-Found Verilog HDL File        ; U:/CPRE281/Lab12/final/fa.v                                      ;         ;
+----------------------------------+-----------------+------------------------------------+------------------------------------------------------------------+---------+


+---------------------------------------------------------+
; Analysis & Synthesis Resource Usage Summary             ;
+---------------------------------------------+-----------+
; Resource                                    ; Usage     ;
+---------------------------------------------+-----------+
;                                             ;           ;
; Total combinational functions               ; 0         ;
; Logic element usage by number of LUT inputs ;           ;
;     -- 4 input functions                    ; 0         ;
;     -- 3 input functions                    ; 0         ;
;     -- <=2 input functions                  ; 0         ;
;                                             ;           ;
; Logic elements by mode                      ;           ;
;     -- normal mode                          ; 0         ;
;     -- arithmetic mode                      ; 0         ;
;                                             ;           ;
; Total registers                             ; 0         ;
;     -- Dedicated logic registers            ; 0         ;
;     -- I/O registers                        ; 0         ;
;                                             ;           ;
; I/O pins                                    ; 34        ;
;                                             ;           ;
; Embedded Multiplier 9-bit elements          ; 0         ;
;                                             ;           ;
; Maximum fan-out node                        ; A0~output ;
; Maximum fan-out                             ; 1         ;
; Total fan-out                               ; 34        ;
; Average fan-out                             ; 0.50      ;
+---------------------------------------------+-----------+


+----------------------------------------------------------------------------------------------------------------------------------------------------------------------------------------------------------+
; Analysis & Synthesis Resource Utilization by Entity                                                                                                                                                      ;
+----------------------------+---------------------+---------------------------+-------------+--------------+---------+-----------+------+--------------+---------------------+-------------+--------------+
; Compilation Hierarchy Node ; Combinational ALUTs ; Dedicated Logic Registers ; Memory Bits ; DSP Elements ; DSP 9x9 ; DSP 18x18 ; Pins ; Virtual Pins ; Full Hierarchy Name ; Entity Name ; Library Name ;
+----------------------------+---------------------+---------------------------+-------------+--------------+---------+-----------+------+--------------+---------------------+-------------+--------------+
; |final                     ; 0 (0)               ; 0 (0)                     ; 0           ; 0            ; 0       ; 0         ; 34   ; 0            ; |final              ; final       ; work         ;
+----------------------------+---------------------+---------------------------+-------------+--------------+---------+-----------+------+--------------+---------------------+-------------+--------------+
Note: For table entries with two numbers listed, the numbers in parentheses indicate the number of resources of the given type used by the specific entity alone. The numbers listed outside of parentheses indicate the total resources of the given type used by the specific entity and all of its sub-entities in the hierarchy.


+------------------------------------------------------+
; General Register Statistics                          ;
+----------------------------------------------+-------+
; Statistic                                    ; Value ;
+----------------------------------------------+-------+
; Total registers                              ; 0     ;
; Number of registers using Synchronous Clear  ; 0     ;
; Number of registers using Synchronous Load   ; 0     ;
; Number of registers using Asynchronous Clear ; 0     ;
; Number of registers using Asynchronous Load  ; 0     ;
; Number of registers using Clock Enable       ; 0     ;
; Number of registers using Preset             ; 0     ;
+----------------------------------------------+-------+


+-----------------------------------------------------------+
; Parameter Settings for User Entity Instance: BUSMUX:inst5 ;
+----------------+-------+----------------------------------+
; Parameter Name ; Value ; Type                             ;
+----------------+-------+----------------------------------+
; WIDTH          ; 4     ; Untyped                          ;
+----------------+-------+----------------------------------+
Note: In order to hide this table in the UI and the text report file, please set the "Show Parameter Settings in Synthesis Report" option in "Analysis and Synthesis Settings -> More Settings" to "Off".


+-------------------------------------------------------------------------------------------------------------------------------------------------------------------------+
; Port Connectivity Checks: "regfile:inst|Decoder_3to8:Decode"                                                                                                            ;
+------+--------+----------+----------------------------------------------------------------------------------------------------------------------------------------------+
; Port ; Type   ; Severity ; Details                                                                                                                                      ;
+------+--------+----------+----------------------------------------------------------------------------------------------------------------------------------------------+
; EN   ; Input  ; Info     ; Stuck at VCC                                                                                                                                 ;
; Y0   ; Output ; Info     ; Connected to dangling logic. Logic that only feeds a dangling port will be removed.                                                          ;
; Y1   ; Output ; Info     ; Connected to dangling logic. Logic that only feeds a dangling port will be removed.                                                          ;
; Y2   ; Output ; Info     ; Connected to dangling logic. Logic that only feeds a dangling port will be removed.                                                          ;
; Y3   ; Output ; Info     ; Connected to dangling logic. Logic that only feeds a dangling port will be removed.                                                          ;
; Y4   ; Output ; Info     ; Connected to dangling logic. Logic that only feeds a dangling port will be removed.                                                          ;
; Y5   ; Output ; Info     ; Connected to dangling logic. Logic that only feeds a dangling port will be removed.                                                          ;
; Y6   ; Output ; Info     ; Connected to dangling logic. Logic that only feeds a dangling port will be removed.                                                          ;
; Y7   ; Output ; Info     ; Connected to dangling logic. Logic that only feeds a dangling port will be removed.                                                          ;
; W2   ; Input  ; Warning  ; Declared by entity but not connected by instance. If a default value exists, it will be used.  Otherwise, the port will be connected to GND. ;
+------+--------+----------+----------------------------------------------------------------------------------------------------------------------------------------------+


+-----------------------------------------------------+
; Post-Synthesis Netlist Statistics for Top Partition ;
+-----------------------+-----------------------------+
; Type                  ; Count                       ;
+-----------------------+-----------------------------+
; boundary_port         ; 34                          ;
; cycloneiii_lcell_comb ; 2                           ;
;     normal            ; 2                           ;
;         0 data inputs ; 2                           ;
;                       ;                             ;
; Max LUT depth         ; 0.00                        ;
; Average LUT depth     ; 0.00                        ;
+-----------------------+-----------------------------+


+-------------------------------+
; Elapsed Time Per Partition    ;
+----------------+--------------+
; Partition Name ; Elapsed Time ;
+----------------+--------------+
; Top            ; 00:00:00     ;
+----------------+--------------+


+-------------------------------+
; Analysis & Synthesis Messages ;
+-------------------------------+
Info: *******************************************************************
Info: Running Quartus Prime Analysis & Synthesis
    Info: Version 20.1.1 Build 720 11/11/2020 SJ Standard Edition
    Info: Processing started: Fri Apr 22 17:31:17 2022
Info: Command: quartus_map --read_settings_files=on --write_settings_files=off final -c final
Warning (18236): Number of processors has not been specified which may cause overloading on shared machines.  Set the global assignment NUM_PARALLEL_PROCESSORS in your QSF to an appropriate value for best performance.
Info (20030): Parallel compilation is enabled and will use 8 of the 8 processors detected
Info (12021): Found 1 design units, including 1 entities, in source file final.bdf
    Info (12023): Found entity 1: final
Info (12127): Elaborating entity "final" for the top level hierarchy
Warning (275002): No superset bus at connection
Warning (12125): Using design file seven_seg_decoder.v, which is not specified as a design file for the current project, but contains definitions for 1 design units and 1 entities in project
    Info (12023): Found entity 1: seven_seg_decoder File: U:/CPRE281/Lab12/final/seven_seg_decoder.v Line: 1
Info (12128): Elaborating entity "seven_seg_decoder" for hierarchy "seven_seg_decoder:inst2"
Warning (12125): Using design file regfile.v, which is not specified as a design file for the current project, but contains definitions for 1 design units and 1 entities in project
    Info (12023): Found entity 1: regfile File: U:/CPRE281/Lab12/final/regfile.v Line: 1
Warning (10236): Verilog HDL Implicit Net warning at regfile.v(19): created implicit net for "EN2" File: U:/CPRE281/Lab12/final/regfile.v Line: 19
Info (12128): Elaborating entity "regfile" for hierarchy "regfile:inst"
Warning (12125): Using design file decoder_3to8.v, which is not specified as a design file for the current project, but contains definitions for 1 design units and 1 entities in project
    Info (12023): Found entity 1: Decoder_3to8 File: U:/CPRE281/Lab12/final/decoder_3to8.v Line: 1
Info (12128): Elaborating entity "Decoder_3to8" for hierarchy "regfile:inst|Decoder_3to8:Decode" File: U:/CPRE281/Lab12/final/regfile.v Line: 19
Warning (12125): Using design file mux8_4b.v, which is not specified as a design file for the current project, but contains definitions for 1 design units and 1 entities in project
    Info (12023): Found entity 1: mux8_4b File: U:/CPRE281/Lab12/final/mux8_4b.v Line: 1
Info (12128): Elaborating entity "mux8_4b" for hierarchy "regfile:inst|mux8_4b:PMUX" File: U:/CPRE281/Lab12/final/regfile.v Line: 21
Warning (10235): Verilog HDL Always Construct warning at mux8_4b.v(11): variable "S2" is read inside the Always Construct but isn't in the Always Construct's Event Control File: U:/CPRE281/Lab12/final/mux8_4b.v Line: 11
Warning (10235): Verilog HDL Always Construct warning at mux8_4b.v(11): variable "S1" is read inside the Always Construct but isn't in the Always Construct's Event Control File: U:/CPRE281/Lab12/final/mux8_4b.v Line: 11
Warning (10235): Verilog HDL Always Construct warning at mux8_4b.v(11): variable "S0" is read inside the Always Construct but isn't in the Always Construct's Event Control File: U:/CPRE281/Lab12/final/mux8_4b.v Line: 11
Info (12128): Elaborating entity "BUSMUX" for hierarchy "BUSMUX:inst5"
Info (12130): Elaborated megafunction instantiation "BUSMUX:inst5"
Info (12133): Instantiated megafunction "BUSMUX:inst5" with the following parameter:
    Info (12134): Parameter "WIDTH" = "4"
Info (12128): Elaborating entity "lpm_mux" for hierarchy "BUSMUX:inst5|lpm_mux:$00000" File: c:/intelfpga/20.1/quartus/libraries/megafunctions/busmux.tdf Line: 44
Info (12131): Elaborated megafunction instantiation "BUSMUX:inst5|lpm_mux:$00000", which is child of megafunction instantiation "BUSMUX:inst5" File: c:/intelfpga/20.1/quartus/libraries/megafunctions/busmux.tdf Line: 44
Info (12021): Found 1 design units, including 1 entities, in source file db/mux_arc.tdf
    Info (12023): Found entity 1: mux_arc File: U:/CPRE281/Lab12/final/db/mux_arc.tdf Line: 23
Info (12128): Elaborating entity "mux_arc" for hierarchy "BUSMUX:inst5|lpm_mux:$00000|mux_arc:auto_generated" File: c:/intelfpga/20.1/quartus/libraries/megafunctions/lpm_mux.tdf Line: 87
Warning (12125): Using design file adder_4bit.v, which is not specified as a design file for the current project, but contains definitions for 1 design units and 1 entities in project
    Info (12023): Found entity 1: adder_4bit File: U:/CPRE281/Lab12/final/adder_4bit.v Line: 20
Info (12128): Elaborating entity "adder_4bit" for hierarchy "adder_4bit:inst4"
Warning (12125): Using design file fa.v, which is not specified as a design file for the current project, but contains definitions for 1 design units and 1 entities in project
    Info (12023): Found entity 1: FA File: U:/CPRE281/Lab12/final/fa.v Line: 1
Info (12128): Elaborating entity "FA" for hierarchy "adder_4bit:inst4|FA:b2v_inst" File: U:/CPRE281/Lab12/final/adder_4bit.v Line: 71
Warning (12011): Net is missing source, defaulting to GND
    Warning (12110): Net "regfile:inst|DATA0[3]" is missing source, defaulting to GND File: U:/CPRE281/Lab12/final/regfile.v Line: 17
    Warning (12110): Net "regfile:inst|DATA0[2]" is missing source, defaulting to GND File: U:/CPRE281/Lab12/final/regfile.v Line: 17
    Warning (12110): Net "regfile:inst|DATA0[1]" is missing source, defaulting to GND File: U:/CPRE281/Lab12/final/regfile.v Line: 17
    Warning (12110): Net "regfile:inst|DATA0[0]" is missing source, defaulting to GND File: U:/CPRE281/Lab12/final/regfile.v Line: 17
    Warning (12110): Net "regfile:inst|DATA1[3]" is missing source, defaulting to GND File: U:/CPRE281/Lab12/final/regfile.v Line: 17
    Warning (12110): Net "regfile:inst|DATA1[2]" is missing source, defaulting to GND File: U:/CPRE281/Lab12/final/regfile.v Line: 17
    Warning (12110): Net "regfile:inst|DATA1[1]" is missing source, defaulting to GND File: U:/CPRE281/Lab12/final/regfile.v Line: 17
    Warning (12110): Net "regfile:inst|DATA1[0]" is missing source, defaulting to GND File: U:/CPRE281/Lab12/final/regfile.v Line: 17
    Warning (12110): Net "regfile:inst|DATA2[3]" is missing source, defaulting to GND File: U:/CPRE281/Lab12/final/regfile.v Line: 17
    Warning (12110): Net "regfile:inst|DATA2[2]" is missing source, defaulting to GND File: U:/CPRE281/Lab12/final/regfile.v Line: 17
    Warning (12110): Net "regfile:inst|DATA2[1]" is missing source, defaulting to GND File: U:/CPRE281/Lab12/final/regfile.v Line: 17
    Warning (12110): Net "regfile:inst|DATA2[0]" is missing source, defaulting to GND File: U:/CPRE281/Lab12/final/regfile.v Line: 17
    Warning (12110): Net "regfile:inst|DATA3[3]" is missing source, defaulting to GND File: U:/CPRE281/Lab12/final/regfile.v Line: 17
    Warning (12110): Net "regfile:inst|DATA3[2]" is missing source, defaulting to GND File: U:/CPRE281/Lab12/final/regfile.v Line: 17
    Warning (12110): Net "regfile:inst|DATA3[1]" is missing source, defaulting to GND File: U:/CPRE281/Lab12/final/regfile.v Line: 17
    Warning (12110): Net "regfile:inst|DATA3[0]" is missing source, defaulting to GND File: U:/CPRE281/Lab12/final/regfile.v Line: 17
    Warning (12110): Net "regfile:inst|DATA4[3]" is missing source, defaulting to GND File: U:/CPRE281/Lab12/final/regfile.v Line: 17
    Warning (12110): Net "regfile:inst|DATA4[2]" is missing source, defaulting to GND File: U:/CPRE281/Lab12/final/regfile.v Line: 17
    Warning (12110): Net "regfile:inst|DATA4[1]" is missing source, defaulting to GND File: U:/CPRE281/Lab12/final/regfile.v Line: 17
    Warning (12110): Net "regfile:inst|DATA4[0]" is missing source, defaulting to GND File: U:/CPRE281/Lab12/final/regfile.v Line: 17
    Warning (12110): Net "regfile:inst|DATA5[3]" is missing source, defaulting to GND File: U:/CPRE281/Lab12/final/regfile.v Line: 17
    Warning (12110): Net "regfile:inst|DATA5[2]" is missing source, defaulting to GND File: U:/CPRE281/Lab12/final/regfile.v Line: 17
    Warning (12110): Net "regfile:inst|DATA5[1]" is missing source, defaulting to GND File: U:/CPRE281/Lab12/final/regfile.v Line: 17
    Warning (12110): Net "regfile:inst|DATA5[0]" is missing source, defaulting to GND File: U:/CPRE281/Lab12/final/regfile.v Line: 17
    Warning (12110): Net "regfile:inst|DATA6[3]" is missing source, defaulting to GND File: U:/CPRE281/Lab12/final/regfile.v Line: 17
    Warning (12110): Net "regfile:inst|DATA6[2]" is missing source, defaulting to GND File: U:/CPRE281/Lab12/final/regfile.v Line: 17
    Warning (12110): Net "regfile:inst|DATA6[1]" is missing source, defaulting to GND File: U:/CPRE281/Lab12/final/regfile.v Line: 17
    Warning (12110): Net "regfile:inst|DATA6[0]" is missing source, defaulting to GND File: U:/CPRE281/Lab12/final/regfile.v Line: 17
    Warning (12110): Net "regfile:inst|DATA7[3]" is missing source, defaulting to GND File: U:/CPRE281/Lab12/final/regfile.v Line: 17
    Warning (12110): Net "regfile:inst|DATA7[2]" is missing source, defaulting to GND File: U:/CPRE281/Lab12/final/regfile.v Line: 17
    Warning (12110): Net "regfile:inst|DATA7[1]" is missing source, defaulting to GND File: U:/CPRE281/Lab12/final/regfile.v Line: 17
    Warning (12110): Net "regfile:inst|DATA7[0]" is missing source, defaulting to GND File: U:/CPRE281/Lab12/final/regfile.v Line: 17
Warning (12241): 1 hierarchies have connectivity warnings - see the Connectivity Checks report folder
Warning (13024): Output pins are stuck at VCC or GND
    Warning (13410): Pin "A0" is stuck at GND
    Warning (13410): Pin "A1" is stuck at GND
    Warning (13410): Pin "A2" is stuck at GND
    Warning (13410): Pin "A3" is stuck at GND
    Warning (13410): Pin "A4" is stuck at GND
    Warning (13410): Pin "A5" is stuck at GND
    Warning (13410): Pin "A6" is stuck at VCC
    Warning (13410): Pin "B0" is stuck at GND
    Warning (13410): Pin "B1" is stuck at GND
    Warning (13410): Pin "B2" is stuck at GND
    Warning (13410): Pin "B3" is stuck at GND
    Warning (13410): Pin "B4" is stuck at GND
    Warning (13410): Pin "B5" is stuck at GND
    Warning (13410): Pin "B6" is stuck at VCC
    Warning (13410): Pin "over" is stuck at GND
    Warning (13410): Pin "COUT" is stuck at GND
Info (16010): Generating hard_block partition "hard_block:auto_generated_inst"
    Info (16011): Adding 0 node(s), including 0 DDIO, 0 PLL, 0 transceiver and 0 LCELL
Warning (21074): Design contains 18 input pin(s) that do not drive logic
    Warning (15610): No output dependent on input pin "Wa2"
    Warning (15610): No output dependent on input pin "Wa1"
    Warning (15610): No output dependent on input pin "Wa0"
    Warning (15610): No output dependent on input pin "WR"
    Warning (15610): No output dependent on input pin "CLRN"
    Warning (15610): No output dependent on input pin "CLK"
    Warning (15610): No output dependent on input pin "Win"
    Warning (15610): No output dependent on input pin "LD_DATA[3]"
    Warning (15610): No output dependent on input pin "LD_DATA[2]"
    Warning (15610): No output dependent on input pin "LD_DATA[1]"
    Warning (15610): No output dependent on input pin "LD_DATA[0]"
    Warning (15610): No output dependent on input pin "R02"
    Warning (15610): No output dependent on input pin "R01"
    Warning (15610): No output dependent on input pin "R00"
    Warning (15610): No output dependent on input pin "R12"
    Warning (15610): No output dependent on input pin "R11"
    Warning (15610): No output dependent on input pin "R10"
    Warning (15610): No output dependent on input pin "CTRL"
Info (21057): Implemented 34 device resources after synthesis - the final resource count might be different
    Info (21058): Implemented 18 input pins
    Info (21059): Implemented 16 output pins
Info: Quartus Prime Analysis & Synthesis was successful. 0 errors, 82 warnings
    Info: Peak virtual memory: 4740 megabytes
    Info: Processing ended: Fri Apr 22 17:31:26 2022
    Info: Elapsed time: 00:00:09
    Info: Total CPU time (on all processors): 00:00:14


