
**** Build of configuration Debug for project lab-1 ****

"C:\\ti\\ccs1031\\ccs\\utils\\bin\\gmake" -k -j 8 all -O 
 
Building file: "../Timer.c"
Invoking: Arm Compiler
"C:/ti/ccs1031/ccs/tools/compiler/ti-cgt-arm_20.2.4.LTS/bin/armcl" -mv7M4 --code_state=16 --float_support=FPv4SPD16 -me --include_path="U:/CprE288/lab-1" --include_path="C:/ti/ccs1031/ccs/tools/compiler/ti-cgt-arm_20.2.4.LTS/include" --define=ccs="ccs" --define=PART_TM4C123GH6PM -g --gcc --diag_warning=225 --diag_wrap=off --display_error_number --abi=eabi --preproc_with_compile --preproc_dependency="Timer.d_raw"  "../Timer.c"
 
>> Compilation failure
subdir_rules.mk:9: recipe for target 'Timer.obj' failed
"..\Timer.h", line 11: fatal error #1965: cannot open source file "inc/tm4c123gh6pm.h"
1 catastrophic error detected in the compilation of "../Timer.c".
Compilation terminated.
gmake: *** [Timer.obj] Error 1
Building file: "../helloworld.c"
Invoking: Arm Compiler
"C:/ti/ccs1031/ccs/tools/compiler/ti-cgt-arm_20.2.4.LTS/bin/armcl" -mv7M4 --code_state=16 --float_support=FPv4SPD16 -me --include_path="U:/CprE288/lab-1" --include_path="C:/ti/ccs1031/ccs/tools/compiler/ti-cgt-arm_20.2.4.LTS/include" --define=ccs="ccs" --define=PART_TM4C123GH6PM -g --gcc --diag_warning=225 --diag_wrap=off --display_error_number --abi=eabi --preproc_with_compile --preproc_dependency="helloworld.d_raw"  "../helloworld.c"
 
>> Compilation failure
subdir_rules.mk:9: recipe for target 'helloworld.obj' failed
"..\Timer.h", line 11: fatal error #1965: cannot open source file "inc/tm4c123gh6pm.h"
1 catastrophic error detected in the compilation of "../helloworld.c".
Compilation terminated.
gmake: *** [helloworld.obj] Error 1
Building file: "../lcd.c"
Invoking: Arm Compiler
"C:/ti/ccs1031/ccs/tools/compiler/ti-cgt-arm_20.2.4.LTS/bin/armcl" -mv7M4 --code_state=16 --float_support=FPv4SPD16 -me --include_path="U:/CprE288/lab-1" --include_path="C:/ti/ccs1031/ccs/tools/compiler/ti-cgt-arm_20.2.4.LTS/include" --define=ccs="ccs" --define=PART_TM4C123GH6PM -g --gcc --diag_warning=225 --diag_wrap=off --display_error_number --abi=eabi --preproc_with_compile --preproc_dependency="lcd.d_raw"  "../lcd.c"
 
>> Compilation failure
subdir_rules.mk:9: recipe for target 'lcd.obj' failed
"..\lcd.h", line 17: fatal error #1965: cannot open source file "inc/tm4c123gh6pm.h"
1 catastrophic error detected in the compilation of "../lcd.c".
Compilation terminated.
gmake: *** [lcd.obj] Error 1
Building file: "../resetSimulation.c"
Invoking: Arm Compiler
"C:/ti/ccs1031/ccs/tools/compiler/ti-cgt-arm_20.2.4.LTS/bin/armcl" -mv7M4 --code_state=16 --float_support=FPv4SPD16 -me --include_path="U:/CprE288/lab-1" --include_path="C:/ti/ccs1031/ccs/tools/compiler/ti-cgt-arm_20.2.4.LTS/include" --define=ccs="ccs" --define=PART_TM4C123GH6PM -g --gcc --diag_warning=225 --diag_wrap=off --display_error_number --abi=eabi --preproc_with_compile --preproc_dependency="resetSimulation.d_raw"  "../resetSimulation.c"
 
>> Compilation failure
subdir_rules.mk:9: recipe for target 'resetSimulation.obj' failed
"..\Timer.h", line 11: fatal error #1965: cannot open source file "inc/tm4c123gh6pm.h"
1 catastrophic error detected in the compilation of "../resetSimulation.c".
Compilation terminated.
gmake: *** [resetSimulation.obj] Error 1
gmake: Target 'all' not remade because of errors.

**** Build Finished ****
